Arguments: 
  D:\Program Files\nodejs\node.exe C:\Users\user\AppData\Roaming\npm\node_modules\yarn\bin\yarn.js add express

PATH: 
  C:\Users\user\bin;C:\Program Files\Git\mingw64\bin;C:\Program Files\Git\usr\local\bin;C:\Program Files\Git\usr\bin;C:\Program Files\Git\usr\bin;C:\Program Files\Git\mingw64\bin;C:\Program Files\Git\usr\bin;C:\Users\user\bin;C:\Python311\Scripts;C:\Python311;C:\WINDOWS\system32;C:\WINDOWS;C:\WINDOWS\System32\Wbem;C:\WINDOWS\System32\WindowsPowerShell\v1.0;C:\Program Files\Microsoft VS Code\bin;C:\WINDOWS\System32\OpenSSH;C:\ProgramData\chocolatey\bin;C:\Program Files\Git\cmd;C:\Users\user\AppData\Local\Yarn\bin;E:\Program Files\PostgreSQL\15\bin;C:\Program Files\Docker\Docker\resources\bin;D:\Program Files\nodejs;C:\Users\user\.windows-build-tools\python27;C:\Users\user\AppData\Local\Programs\Python\Python310\Scripts;C:\Users\user\AppData\Local\Programs\Python\Python310;C:\Users\user\AppData\Local\Microsoft\WindowsApps;E:\Program Files\JetBrains\PyCharm Community Edition 2022.1.3\bin;C:\Program Files\heroku\bin;E:\MinGW\bin;C:\Users\user\AppData\Roaming\npm;C:\Program Files\Git\usr\bin\vendor_perl;C:\Program Files\Git\usr\bin\core_perl

Yarn version: 
  1.22.19

Node version: 
  17.9.1

Platform: 
  win32 x64

Trace: 
  SyntaxError: D:\work2023\portfolio\package.json: Unexpected end of JSON input
      at JSON.parse (<anonymous>)
      at C:\Users\user\AppData\Roaming\npm\node_modules\yarn\lib\cli.js:1629:59
      at Generator.next (<anonymous>)
      at step (C:\Users\user\AppData\Roaming\npm\node_modules\yarn\lib\cli.js:310:30)
      at C:\Users\user\AppData\Roaming\npm\node_modules\yarn\lib\cli.js:321:13

npm manifest: 
  

yarn manifest: 
  No manifest

Lockfile: 
  No lockfile
